# JRE version: Java(TM) SE Runtime Environment (21.0.1+12) (build 21.0.1+12-LTS-29)
# Java VM: Java HotSpot(TM) 64-Bit Server VM (21.0.1+12-LTS-29, mixed mode, sharing, tiered, compressed oops, compressed class ptrs, g1 gc, windows-amd64)
GC Precious Log:
 CardTable entry size: 512
 Card Set container configuration: InlinePtr #cards 5 size 8 Array Of Cards #cards 12 size 40 Howl #buckets 4 coarsen threshold 1843 Howl Bitmap #cards 512 size 80 coarsen threshold 460 Card regions per heap region 1 cards per card region 2048
 CPUs: 4 total, 4 available
 Memory: 8082M
 Large Page Support: Disabled
 NUMA Support: Disabled
 Compressed Oops: Enabled (32-bit)
 Heap Region Size: 1M
 Heap Min Capacity: 8M
 Heap Initial Capacity: 128M
 Heap Max Capacity: 2022M
 Pre-touch: Disabled
 Parallel Workers: 4
 Concurrent Workers: 1
 Concurrent Refinement Workers: 4
 Periodic GC: Disabled
Heap:
 garbage-first heap   total 48128K, used 29434K [0x0000000081a00000, 0x0000000100000000)
  region size 1024K, 6 young (6144K), 2 survivors (2048K)
 Metaspace       used 60232K, committed 60928K, reserved 1114112K
  class space    used 8157K, committed 8448K, reserved 1048576K
GC Heap History (20 events):
Event: 4.587 GC heap before
{Heap before GC invocations=5 (full 0):
 garbage-first heap   total 48128K, used 35088K [0x0000000081a00000, 0x0000000100000000)
  region size 1024K, 28 young (28672K), 6 survivors (6144K)
 Metaspace       used 23955K, committed 24256K, reserved 1114112K
  class space    used 2957K, committed 3072K, reserved 1048576K
}
Event: 4.597 GC heap after
{Heap after GC invocations=6 (full 0):
 garbage-first heap   total 48128K, used 14189K [0x0000000081a00000, 0x0000000100000000)
  region size 1024K, 4 young (4096K), 4 survivors (4096K)
 Metaspace       used 23955K, committed 24256K, reserved 1114112K
  class space    used 2957K, committed 3072K, reserved 1048576K
}
Event: 5.587 GC heap before
{Heap before GC invocations=6 (full 0):
 garbage-first heap   total 48128K, used 36717K [0x0000000081a00000, 0x0000000100000000)
  region size 1024K, 26 young (26624K), 4 survivors (4096K)
 Metaspace       used 27339K, committed 27712K, reserved 1114112K
  class space    used 3414K, committed 3584K, reserved 1048576K
}
Event: 5.594 GC heap after
{Heap after GC invocations=7 (full 0):
 garbage-first heap   total 48128K, used 15536K [0x0000000081a00000, 0x0000000100000000)
  region size 1024K, 4 young (4096K), 4 survivors (4096K)
 Metaspace       used 27339K, committed 27712K, reserved 1114112K
  class space    used 3414K, committed 3584K, reserved 1048576K
}
Event: 6.884 GC heap before
{Heap before GC invocations=7 (full 0):
 garbage-first heap   total 48128K, used 38064K [0x0000000081a00000, 0x0000000100000000)
  region size 1024K, 26 young (26624K), 4 survivors (4096K)
 Metaspace       used 31181K, committed 31616K, reserved 1114112K
  class space    used 3963K, committed 4160K, reserved 1048576K
}
Event: 6.895 GC heap after
{Heap after GC invocations=8 (full 0):
 garbage-first heap   total 48128K, used 17975K [0x0000000081a00000, 0x0000000100000000)
  region size 1024K, 4 young (4096K), 4 survivors (4096K)
 Metaspace       used 31181K, committed 31616K, reserved 1114112K
  class space    used 3963K, committed 4160K, reserved 1048576K
}
Event: 8.026 GC heap before
{Heap before GC invocations=8 (full 0):
 garbage-first heap   total 48128K, used 39479K [0x0000000081a00000, 0x0000000100000000)
  region size 1024K, 25 young (25600K), 4 survivors (4096K)
 Metaspace       used 34950K, committed 35456K, reserved 1114112K
  class space    used 4440K, committed 4672K, reserved 1048576K
}
Event: 8.036 GC heap after
{Heap after GC invocations=9 (full 0):
 garbage-first heap   total 48128K, used 20985K [0x0000000081a00000, 0x0000000100000000)
  region size 1024K, 3 young (3072K), 3 survivors (3072K)
 Metaspace       used 34950K, committed 35456K, reserved 1114112K
  class space    used 4440K, committed 4672K, reserved 1048576K
}
Event: 8.244 GC heap before
{Heap before GC invocations=9 (full 0):
 garbage-first heap   total 48128K, used 25081K [0x0000000081a00000, 0x0000000100000000)
  region size 1024K, 8 young (8192K), 3 survivors (3072K)
 Metaspace       used 35445K, committed 35968K, reserved 1114112K
  class space    used 4524K, committed 4736K, reserved 1048576K
}
Event: 8.249 GC heap after
{Heap after GC invocations=10 (full 0):
 garbage-first heap   total 48128K, used 21311K [0x0000000081a00000, 0x0000000100000000)
  region size 1024K, 1 young (1024K), 1 survivors (1024K)
 Metaspace       used 35445K, committed 35968K, reserved 1114112K
  class space    used 4524K, committed 4736K, reserved 1048576K
}
Event: 9.771 GC heap before
{Heap before GC invocations=11 (full 0):
 garbage-first heap   total 48128K, used 40767K [0x0000000081a00000, 0x0000000100000000)
  region size 1024K, 20 young (20480K), 1 survivors (1024K)
 Metaspace       used 40720K, committed 41280K, reserved 1114112K
  class space    used 5322K, committed 5568K, reserved 1048576K
}
Event: 9.774 GC heap after
{Heap after GC invocations=12 (full 0):
 garbage-first heap   total 48128K, used 21937K [0x0000000081a00000, 0x0000000100000000)
  region size 1024K, 2 young (2048K), 2 survivors (2048K)
 Metaspace       used 40720K, committed 41280K, reserved 1114112K
  class space    used 5322K, committed 5568K, reserved 1048576K
}
Event: 10.686 GC heap before
{Heap before GC invocations=12 (full 0):
 garbage-first heap   total 48128K, used 40369K [0x0000000081a00000, 0x0000000100000000)
  region size 1024K, 21 young (21504K), 2 survivors (2048K)
 Metaspace       used 46550K, committed 47168K, reserved 1114112K
  class space    used 6039K, committed 6336K, reserved 1048576K
}
Event: 10.692 GC heap after
{Heap after GC invocations=13 (full 0):
 garbage-first heap   total 48128K, used 23843K [0x0000000081a00000, 0x0000000100000000)
  region size 1024K, 3 young (3072K), 3 survivors (3072K)
 Metaspace       used 46550K, committed 47168K, reserved 1114112K
  class space    used 6039K, committed 6336K, reserved 1048576K
}
Event: 11.299 GC heap before
{Heap before GC invocations=13 (full 0):
 garbage-first heap   total 48128K, used 40227K [0x0000000081a00000, 0x0000000100000000)
  region size 1024K, 20 young (20480K), 3 survivors (3072K)
 Metaspace       used 50389K, committed 51008K, reserved 1114112K
  class space    used 6543K, committed 6848K, reserved 1048576K
}
Event: 11.305 GC heap after
{Heap after GC invocations=14 (full 0):
 garbage-first heap   total 48128K, used 25086K [0x0000000081a00000, 0x0000000100000000)
  region size 1024K, 2 young (2048K), 2 survivors (2048K)
 Metaspace       used 50389K, committed 51008K, reserved 1114112K
  class space    used 6543K, committed 6848K, reserved 1048576K
}
Event: 11.870 GC heap before
{Heap before GC invocations=14 (full 0):
 garbage-first heap   total 48128K, used 41470K [0x0000000081a00000, 0x0000000100000000)
  region size 1024K, 18 young (18432K), 2 survivors (2048K)
 Metaspace       used 55827K, committed 56448K, reserved 1114112K
  class space    used 7470K, committed 7744K, reserved 1048576K
}
Event: 11.874 GC heap after
{Heap after GC invocations=15 (full 0):
 garbage-first heap   total 48128K, used 25766K [0x0000000081a00000, 0x0000000100000000)
  region size 1024K, 2 young (2048K), 2 survivors (2048K)
 Metaspace       used 55827K, committed 56448K, reserved 1114112K
  class space    used 7470K, committed 7744K, reserved 1048576K
}
Event: 12.518 GC heap before
{Heap before GC invocations=16 (full 0):
 garbage-first heap   total 48128K, used 41126K [0x0000000081a00000, 0x0000000100000000)
  region size 1024K, 18 young (18432K), 2 survivors (2048K)
 Metaspace       used 59452K, committed 60096K, reserved 1114112K
  class space    used 8058K, committed 8384K, reserved 1048576K
}
Event: 12.522 GC heap after
{Heap after GC invocations=17 (full 0):
 garbage-first heap   total 48128K, used 26362K [0x0000000081a00000, 0x0000000100000000)
  region size 1024K, 2 young (2048K), 2 survivors (2048K)
 Metaspace       used 59452K, committed 60096K, reserved 1114112K
  class space    used 8058K, committed 8384K, reserved 1048576K
}

