# JRE version: OpenJDK Runtime Environment Temurin-17.0.10+7 (17.0.10+7) (build 17.0.10+7)
# Java VM: OpenJDK 64-Bit Server VM Temurin-17.0.10+7 (17.0.10+7, mixed mode, tiered, compressed oops, compressed class ptrs, parallel gc, windows-amd64)
GC Precious Log:
 CPUs: 4 total, 4 available
 Memory: 8082M
 Large Page Support: Disabled
 NUMA Support: Disabled
 Compressed Oops: Enabled (32-bit)
 Alignments: Space 512K, Generation 512K, Heap 2M
 Heap Min Capacity: 100M
 Heap Initial Capacity: 100M
 Heap Max Capacity: 1G
 Pre-touch: Disabled
 Parallel Workers: 4
Heap:
 PSYoungGen      total 2048K, used 608K [0x00000000eab00000, 0x00000000eaf80000, 0x0000000100000000)
  eden space 1024K, 0% used [0x00000000eab00000,0x00000000eab00000,0x00000000eac00000)
  from space 1024K, 59% used [0x00000000eac00000,0x00000000eac98000,0x00000000ead00000)
  to   space 1536K, 0% used [0x00000000eae00000,0x00000000eae00000,0x00000000eaf80000)
 ParOldGen       total 141824K, used 141326K [0x00000000c0000000, 0x00000000c8a80000, 0x00000000eab00000)
  object space 141824K, 99% used [0x00000000c0000000,0x00000000c8a03ba0,0x00000000c8a80000)
 Metaspace       used 82502K, committed 83968K, reserved 1179648K
  class space    used 8494K, committed 9152K, reserved 1048576K
GC Heap History (20 events):
Event: 2729.217 GC heap after
{Heap after GC invocations=251 (full 9):
 PSYoungGen      total 2048K, used 416K [0x00000000eab00000, 0x00000000eae00000, 0x0000000100000000)
  eden space 1536K, 0% used [0x00000000eab00000,0x00000000eab00000,0x00000000eac80000)
  from space 512K, 81% used [0x00000000ead80000,0x00000000eade8000,0x00000000eae00000)
  to   space 512K, 0% used [0x00000000ead00000,0x00000000ead00000,0x00000000ead80000)
 ParOldGen       total 141824K, used 134849K [0x00000000c0000000, 0x00000000c8a80000, 0x00000000eab00000)
  object space 141824K, 95% used [0x00000000c0000000,0x00000000c83b0660,0x00000000c8a80000)
 Metaspace       used 82475K, committed 83904K, reserved 1179648K
  class space    used 8487K, committed 9152K, reserved 1048576K
}
Event: 2729.249 GC heap before
{Heap before GC invocations=252 (full 9):
 PSYoungGen      total 2048K, used 1952K [0x00000000eab00000, 0x00000000eae00000, 0x0000000100000000)
  eden space 1536K, 100% used [0x00000000eab00000,0x00000000eac80000,0x00000000eac80000)
  from space 512K, 81% used [0x00000000ead80000,0x00000000eade8000,0x00000000eae00000)
  to   space 512K, 0% used [0x00000000ead00000,0x00000000ead00000,0x00000000ead80000)
 ParOldGen       total 141824K, used 134849K [0x00000000c0000000, 0x00000000c8a80000, 0x00000000eab00000)
  object space 141824K, 95% used [0x00000000c0000000,0x00000000c83b0660,0x00000000c8a80000)
 Metaspace       used 82492K, committed 83968K, reserved 1179648K
  class space    used 8493K, committed 9152K, reserved 1048576K
}
Event: 2729.250 GC heap after
{Heap after GC invocations=252 (full 9):
 PSYoungGen      total 2048K, used 224K [0x00000000eab00000, 0x00000000eae00000, 0x0000000100000000)
  eden space 1536K, 0% used [0x00000000eab00000,0x00000000eab00000,0x00000000eac80000)
  from space 512K, 43% used [0x00000000ead00000,0x00000000ead38000,0x00000000ead80000)
  to   space 512K, 0% used [0x00000000ead80000,0x00000000ead80000,0x00000000eae00000)
 ParOldGen       total 141824K, used 135209K [0x00000000c0000000, 0x00000000c8a80000, 0x00000000eab00000)
  object space 141824K, 95% used [0x00000000c0000000,0x00000000c840a660,0x00000000c8a80000)
 Metaspace       used 82492K, committed 83968K, reserved 1179648K
  class space    used 8493K, committed 9152K, reserved 1048576K
}
Event: 2729.255 GC heap before
{Heap before GC invocations=253 (full 9):
 PSYoungGen      total 2048K, used 1760K [0x00000000eab00000, 0x00000000eae00000, 0x0000000100000000)
  eden space 1536K, 100% used [0x00000000eab00000,0x00000000eac80000,0x00000000eac80000)
  from space 512K, 43% used [0x00000000ead00000,0x00000000ead38000,0x00000000ead80000)
  to   space 512K, 0% used [0x00000000ead80000,0x00000000ead80000,0x00000000eae00000)
 ParOldGen       total 141824K, used 135209K [0x00000000c0000000, 0x00000000c8a80000, 0x00000000eab00000)
  object space 141824K, 95% used [0x00000000c0000000,0x00000000c840a660,0x00000000c8a80000)
 Metaspace       used 82494K, committed 83968K, reserved 1179648K
  class space    used 8494K, committed 9152K, reserved 1048576K
}
Event: 2729.256 GC heap after
{Heap after GC invocations=253 (full 9):
 PSYoungGen      total 2048K, used 160K [0x00000000eab00000, 0x00000000eae00000, 0x0000000100000000)
  eden space 1536K, 0% used [0x00000000eab00000,0x00000000eab00000,0x00000000eac80000)
  from space 512K, 31% used [0x00000000ead80000,0x00000000eada8000,0x00000000eae00000)
  to   space 512K, 0% used [0x00000000ead00000,0x00000000ead00000,0x00000000ead80000)
 ParOldGen       total 141824K, used 135361K [0x00000000c0000000, 0x00000000c8a80000, 0x00000000eab00000)
  object space 141824K, 95% used [0x00000000c0000000,0x00000000c8430660,0x00000000c8a80000)
 Metaspace       used 82494K, committed 83968K, reserved 1179648K
  class space    used 8494K, committed 9152K, reserved 1048576K
}
Event: 2729.270 GC heap before
{Heap before GC invocations=254 (full 9):
 PSYoungGen      total 2048K, used 1696K [0x00000000eab00000, 0x00000000eae00000, 0x0000000100000000)
  eden space 1536K, 100% used [0x00000000eab00000,0x00000000eac80000,0x00000000eac80000)
  from space 512K, 31% used [0x00000000ead80000,0x00000000eada8000,0x00000000eae00000)
  to   space 512K, 0% used [0x00000000ead00000,0x00000000ead00000,0x00000000ead80000)
 ParOldGen       total 141824K, used 135361K [0x00000000c0000000, 0x00000000c8a80000, 0x00000000eab00000)
  object space 141824K, 95% used [0x00000000c0000000,0x00000000c8430660,0x00000000c8a80000)
 Metaspace       used 82502K, committed 83968K, reserved 1179648K
  class space    used 8494K, committed 9152K, reserved 1048576K
}
Event: 2729.273 GC heap after
{Heap after GC invocations=254 (full 9):
 PSYoungGen      total 2048K, used 489K [0x00000000eab00000, 0x00000000eaf80000, 0x0000000100000000)
  eden space 1536K, 0% used [0x00000000eab00000,0x00000000eab00000,0x00000000eac80000)
  from space 512K, 95% used [0x00000000ead00000,0x00000000ead7a5d0,0x00000000ead80000)
  to   space 1536K, 0% used [0x00000000eae00000,0x00000000eae00000,0x00000000eaf80000)
 ParOldGen       total 141824K, used 135795K [0x00000000c0000000, 0x00000000c8a80000, 0x00000000eab00000)
  object space 141824K, 95% used [0x00000000c0000000,0x00000000c849cc30,0x00000000c8a80000)
 Metaspace       used 82502K, committed 83968K, reserved 1179648K
  class space    used 8494K, committed 9152K, reserved 1048576K
}
Event: 2729.287 GC heap before
{Heap before GC invocations=255 (full 9):
 PSYoungGen      total 2048K, used 2025K [0x00000000eab00000, 0x00000000eaf80000, 0x0000000100000000)
  eden space 1536K, 100% used [0x00000000eab00000,0x00000000eac80000,0x00000000eac80000)
  from space 512K, 95% used [0x00000000ead00000,0x00000000ead7a5d0,0x00000000ead80000)
  to   space 1536K, 0% used [0x00000000eae00000,0x00000000eae00000,0x00000000eaf80000)
 ParOldGen       total 141824K, used 135795K [0x00000000c0000000, 0x00000000c8a80000, 0x00000000eab00000)
  object space 141824K, 95% used [0x00000000c0000000,0x00000000c849cc30,0x00000000c8a80000)
 Metaspace       used 82502K, committed 83968K, reserved 1179648K
  class space    used 8494K, committed 9152K, reserved 1048576K
}
Event: 2729.290 GC heap after
{Heap after GC invocations=255 (full 9):
 PSYoungGen      total 3072K, used 1338K [0x00000000eab00000, 0x00000000eaf80000, 0x0000000100000000)
  eden space 1536K, 0% used [0x00000000eab00000,0x00000000eab00000,0x00000000eac80000)
  from space 1536K, 87% used [0x00000000eae00000,0x00000000eaf4e900,0x00000000eaf80000)
  to   space 1536K, 0% used [0x00000000eac80000,0x00000000eac80000,0x00000000eae00000)
 ParOldGen       total 141824K, used 136284K [0x00000000c0000000, 0x00000000c8a80000, 0x00000000eab00000)
  object space 141824K, 96% used [0x00000000c0000000,0x00000000c8517200,0x00000000c8a80000)
 Metaspace       used 82502K, committed 83968K, reserved 1179648K
  class space    used 8494K, committed 9152K, reserved 1048576K
}
Event: 2729.323 GC heap before
{Heap before GC invocations=256 (full 9):
 PSYoungGen      total 3072K, used 2874K [0x00000000eab00000, 0x00000000eaf80000, 0x0000000100000000)
  eden space 1536K, 100% used [0x00000000eab00000,0x00000000eac80000,0x00000000eac80000)
  from space 1536K, 87% used [0x00000000eae00000,0x00000000eaf4e900,0x00000000eaf80000)
  to   space 1536K, 0% used [0x00000000eac80000,0x00000000eac80000,0x00000000eae00000)
 ParOldGen       total 141824K, used 136284K [0x00000000c0000000, 0x00000000c8a80000, 0x00000000eab00000)
  object space 141824K, 96% used [0x00000000c0000000,0x00000000c8517200,0x00000000c8a80000)
 Metaspace       used 82502K, committed 83968K, reserved 1179648K
  class space    used 8494K, committed 9152K, reserved 1048576K
}
Event: 2729.326 GC heap after
{Heap after GC invocations=256 (full 9):
 PSYoungGen      total 3072K, used 1088K [0x00000000eab00000, 0x00000000eaf80000, 0x0000000100000000)
  eden space 1536K, 0% used [0x00000000eab00000,0x00000000eab00000,0x00000000eac80000)
  from space 1536K, 70% used [0x00000000eac80000,0x00000000ead90000,0x00000000eae00000)
  to   space 1536K, 0% used [0x00000000eae00000,0x00000000eae00000,0x00000000eaf80000)
 ParOldGen       total 141824K, used 137446K [0x00000000c0000000, 0x00000000c8a80000, 0x00000000eab00000)
  object space 141824K, 96% used [0x00000000c0000000,0x00000000c8639b80,0x00000000c8a80000)
 Metaspace       used 82502K, committed 83968K, reserved 1179648K
  class space    used 8494K, committed 9152K, reserved 1048576K
}
Event: 2729.329 GC heap before
{Heap before GC invocations=257 (full 9):
 PSYoungGen      total 3072K, used 2624K [0x00000000eab00000, 0x00000000eaf80000, 0x0000000100000000)
  eden space 1536K, 100% used [0x00000000eab00000,0x00000000eac80000,0x00000000eac80000)
  from space 1536K, 70% used [0x00000000eac80000,0x00000000ead90000,0x00000000eae00000)
  to   space 1536K, 0% used [0x00000000eae00000,0x00000000eae00000,0x00000000eaf80000)
 ParOldGen       total 141824K, used 137446K [0x00000000c0000000, 0x00000000c8a80000, 0x00000000eab00000)
  object space 141824K, 96% used [0x00000000c0000000,0x00000000c8639b80,0x00000000c8a80000)
 Metaspace       used 82502K, committed 83968K, reserved 1179648K
  class space    used 8494K, committed 9152K, reserved 1048576K
}
Event: 2729.333 GC heap after
{Heap after GC invocations=257 (full 9):
 PSYoungGen      total 3072K, used 864K [0x00000000eab00000, 0x00000000eaf00000, 0x0000000100000000)
  eden space 2048K, 0% used [0x00000000eab00000,0x00000000eab00000,0x00000000ead00000)
  from space 1024K, 84% used [0x00000000eae00000,0x00000000eaed8000,0x00000000eaf00000)
  to   space 1024K, 0% used [0x00000000ead00000,0x00000000ead00000,0x00000000eae00000)
 ParOldGen       total 141824K, used 138478K [0x00000000c0000000, 0x00000000c8a80000, 0x00000000eab00000)
  object space 141824K, 97% used [0x00000000c0000000,0x00000000c873bba0,0x00000000c8a80000)
 Metaspace       used 82502K, committed 83968K, reserved 1179648K
  class space    used 8494K, committed 9152K, reserved 1048576K
}
Event: 2729.339 GC heap before
{Heap before GC invocations=258 (full 9):
 PSYoungGen      total 3072K, used 2911K [0x00000000eab00000, 0x00000000eaf00000, 0x0000000100000000)
  eden space 2048K, 99% used [0x00000000eab00000,0x00000000eacffff0,0x00000000ead00000)
  from space 1024K, 84% used [0x00000000eae00000,0x00000000eaed8000,0x00000000eaf00000)
  to   space 1024K, 0% used [0x00000000ead00000,0x00000000ead00000,0x00000000eae00000)
 ParOldGen       total 141824K, used 138478K [0x00000000c0000000, 0x00000000c8a80000, 0x00000000eab00000)
  object space 141824K, 97% used [0x00000000c0000000,0x00000000c873bba0,0x00000000c8a80000)
 Metaspace       used 82502K, committed 83968K, reserved 1179648K
  class space    used 8494K, committed 9152K, reserved 1048576K
}
Event: 2729.342 GC heap after
{Heap after GC invocations=258 (full 9):
 PSYoungGen      total 3072K, used 576K [0x00000000eab00000, 0x00000000eaf80000, 0x0000000100000000)
  eden space 2048K, 0% used [0x00000000eab00000,0x00000000eab00000,0x00000000ead00000)
  from space 1024K, 56% used [0x00000000ead00000,0x00000000ead90000,0x00000000eae00000)
  to   space 1024K, 0% used [0x00000000eae80000,0x00000000eae80000,0x00000000eaf80000)
 ParOldGen       total 141824K, used 139286K [0x00000000c0000000, 0x00000000c8a80000, 0x00000000eab00000)
  object space 141824K, 98% used [0x00000000c0000000,0x00000000c8805ba0,0x00000000c8a80000)
 Metaspace       used 82502K, committed 83968K, reserved 1179648K
  class space    used 8494K, committed 9152K, reserved 1048576K
}
Event: 2729.355 GC heap before
{Heap before GC invocations=259 (full 9):
 PSYoungGen      total 3072K, used 2624K [0x00000000eab00000, 0x00000000eaf80000, 0x0000000100000000)
  eden space 2048K, 100% used [0x00000000eab00000,0x00000000ead00000,0x00000000ead00000)
  from space 1024K, 56% used [0x00000000ead00000,0x00000000ead90000,0x00000000eae00000)
  to   space 1024K, 0% used [0x00000000eae80000,0x00000000eae80000,0x00000000eaf80000)
 ParOldGen       total 141824K, used 139286K [0x00000000c0000000, 0x00000000c8a80000, 0x00000000eab00000)
  object space 141824K, 98% used [0x00000000c0000000,0x00000000c8805ba0,0x00000000c8a80000)
 Metaspace       used 82502K, committed 83968K, reserved 1179648K
  class space    used 8494K, committed 9152K, reserved 1048576K
}
Event: 2729.358 GC heap after
{Heap after GC invocations=259 (full 9):
 PSYoungGen      total 2048K, used 1024K [0x00000000eab00000, 0x00000000eb280000, 0x0000000100000000)
  eden space 1024K, 0% used [0x00000000eab00000,0x00000000eab00000,0x00000000eac00000)
  from space 1024K, 100% used [0x00000000eae80000,0x00000000eaf80000,0x00000000eaf80000)
  to   space 2560K, 0% used [0x00000000eac00000,0x00000000eac00000,0x00000000eae80000)
 ParOldGen       total 141824K, used 140278K [0x00000000c0000000, 0x00000000c8a80000, 0x00000000eab00000)
  object space 141824K, 98% used [0x00000000c0000000,0x00000000c88fdba0,0x00000000c8a80000)
 Metaspace       used 82502K, committed 83968K, reserved 1179648K
  class space    used 8494K, committed 9152K, reserved 1048576K
}
Event: 2729.366 GC heap before
{Heap before GC invocations=260 (full 9):
 PSYoungGen      total 2048K, used 2048K [0x00000000eab00000, 0x00000000eb280000, 0x0000000100000000)
  eden space 1024K, 100% used [0x00000000eab00000,0x00000000eac00000,0x00000000eac00000)
  from space 1024K, 100% used [0x00000000eae80000,0x00000000eaf80000,0x00000000eaf80000)
  to   space 2560K, 0% used [0x00000000eac00000,0x00000000eac00000,0x00000000eae80000)
 ParOldGen       total 141824K, used 140278K [0x00000000c0000000, 0x00000000c8a80000, 0x00000000eab00000)
  object space 141824K, 98% used [0x00000000c0000000,0x00000000c88fdba0,0x00000000c8a80000)
 Metaspace       used 82502K, committed 83968K, reserved 1179648K
  class space    used 8494K, committed 9152K, reserved 1048576K
}
Event: 2729.368 GC heap after
{Heap after GC invocations=260 (full 9):
 PSYoungGen      total 2048K, used 608K [0x00000000eab00000, 0x00000000eaf80000, 0x0000000100000000)
  eden space 1024K, 0% used [0x00000000eab00000,0x00000000eab00000,0x00000000eac00000)
  from space 1024K, 59% used [0x00000000eac00000,0x00000000eac98000,0x00000000ead00000)
  to   space 1536K, 0% used [0x00000000eae00000,0x00000000eae00000,0x00000000eaf80000)
 ParOldGen       total 141824K, used 141326K [0x00000000c0000000, 0x00000000c8a80000, 0x00000000eab00000)
  object space 141824K, 99% used [0x00000000c0000000,0x00000000c8a03ba0,0x00000000c8a80000)
 Metaspace       used 82502K, committed 83968K, reserved 1179648K
  class space    used 8494K, committed 9152K, reserved 1048576K
}
Event: 2729.368 GC heap before
{Heap before GC invocations=261 (full 10):
 PSYoungGen      total 2048K, used 608K [0x00000000eab00000, 0x00000000eaf80000, 0x0000000100000000)
  eden space 1024K, 0% used [0x00000000eab00000,0x00000000eab00000,0x00000000eac00000)
  from space 1024K, 59% used [0x00000000eac00000,0x00000000eac98000,0x00000000ead00000)
  to   space 1536K, 0% used [0x00000000eae00000,0x00000000eae00000,0x00000000eaf80000)
 ParOldGen       total 141824K, used 141326K [0x00000000c0000000, 0x00000000c8a80000, 0x00000000eab00000)
  object space 141824K, 99% used [0x00000000c0000000,0x00000000c8a03ba0,0x00000000c8a80000)
 Metaspace       used 82502K, committed 83968K, reserved 1179648K
  class space    used 8494K, committed 9152K, reserved 1048576K
}

